  speechManager.cpp
D:\C++\workspace\04 小案例\smallCase\03 基于STL的演讲比赛流程管理系统\03 基于STL的演讲比赛流程管理系统\speechManager.cpp(264,31): warning C4267: “=”: 从“size_t”转换到“int”，可能丢失数据
D:\Visusl studio 2019\VC\Tools\MSVC\14.28.29333\include\numeric(35,26): warning C4244: “=”: 从“double”转换到“_Ty”，可能丢失数据
          with
          [
              _Ty=float
          ]
D:\Visusl studio 2019\VC\Tools\MSVC\14.28.29333\include\numeric(44): message : 查看对正在编译的函数 模板 实例化“_Ty std::accumulate<_InIt,_Ty,std::plus<void>>(const _InIt,const _InIt,_Ty,_Fn)”的引用
          with
          [
              _Ty=float,
              _InIt=std::_Deque_iterator<std::_Deque_val<std::_Deque_simple_types<double>>>,
              _Fn=std::plus<void>
          ]
D:\C++\workspace\04 小案例\smallCase\03 基于STL的演讲比赛流程管理系统\03 基于STL的演讲比赛流程管理系统\speechManager.cpp(150): message : 查看对正在编译的函数 模板 实例化“_Ty std::accumulate<std::_Deque_iterator<std::_Deque_val<std::_Deque_simple_types<double>>>,float>(const _InIt,const _InIt,_Ty)”的引用
          with
          [
              _Ty=float,
              _InIt=std::_Deque_iterator<std::_Deque_val<std::_Deque_simple_types<double>>>
          ]
  演讲比赛流程管理系统.cpp
  正在生成代码...
  03 基于STL的演讲比赛流程管理系统.vcxproj -> D:\C++\workspace\04 小案例\smallCase\03 基于STL的演讲比赛流程管理系统\x64\Debug\03 基于STL的演讲比赛流程管理系统.exe
